<?xml version="1.0" encoding="UTF-8"?>
<!-- Generated by org.testng.reporters.JUnitXMLReporter -->
<testsuite ignored="0" hostname="LAPTOP-L05GNA69" failures="1" tests="1" name="Test" time="4.649" errors="0" timestamp="2025-01-21T00:04:51 IST">
  <testcase classname="TestTest" name="checkBoxClick" time="3.104">
    <failure type="java.lang.AssertionError" message="expected [true] but found [false]">
      <![CDATA[java.lang.AssertionError: expected [true] but found [false]
at TestTest.checkBoxClick(TestTest.java:42)
at java.base/java.util.ArrayList.forEach(ArrayList.java:1597)
... Removed 29 stack frames]]>
    </failure>
  </testcase> <!-- checkBoxClick -->
</testsuite> <!-- Test -->
